# JRE version: Java(TM) SE Runtime Environment (8.0_201-b09) (build 1.8.0_201-b09)
# Java VM: Java HotSpot(TM) 64-Bit Server VM (25.201-b09 mixed mode windows-amd64 compressed oops)
Heap:
 PSYoungGen      total 46080K, used 28592K [0x00000000d5c00000, 0x00000000d9f80000, 0x0000000100000000)
  eden space 32768K, 51% used [0x00000000d5c00000,0x00000000d6c8aca8,0x00000000d7c00000)
  from space 13312K, 87% used [0x00000000d7c00000,0x00000000d8761498,0x00000000d8900000)
  to   space 14848K, 0% used [0x00000000d9100000,0x00000000d9100000,0x00000000d9f80000)
 ParOldGen       total 38912K, used 28368K [0x0000000081400000, 0x0000000083a00000, 0x00000000d5c00000)
  object space 38912K, 72% used [0x0000000081400000,0x0000000082fb40e8,0x0000000083a00000)
 Metaspace       used 9671K, capacity 10164K, committed 10368K, reserved 1058816K
  class space    used 1027K, capacity 1072K, committed 1152K, reserved 1048576K
GC Heap History (10 events):
Event: 0.789 GC heap before
{Heap before GC invocations=15 (full 3):
 PSYoungGen      total 29696K, used 22536K [0x00000000d5c00000, 0x00000000d8b00000, 0x0000000100000000)
  eden space 20992K, 98% used [0x00000000d5c00000,0x00000000d7020f30,0x00000000d7080000)
  from space 8704K, 22% used [0x00000000d7080000,0x00000000d7261448,0x00000000d7900000)
  to   space 9728K, 0% used [0x00000000d8180000,0x00000000d8180000,0x00000000d8b00000)
 ParOldGen       total 26624K, used 16157K [0x0000000081400000, 0x0000000082e00000, 0x00000000d5c00000)
  object space 26624K, 60% used [0x0000000081400000,0x00000000823c7628,0x0000000082e00000)
 Metaspace       used 7257K, capacity 8212K, committed 8448K, reserved 1056768K
  class space    used 877K, capacity 912K, committed 1024K, reserved 1048576K
Event: 0.795 GC heap after
Heap after GC invocations=15 (full 3):
 PSYoungGen      total 34304K, used 5887K [0x00000000d5c00000, 0x00000000d8900000, 0x0000000100000000)
  eden space 26624K, 0% used [0x00000000d5c00000,0x00000000d5c00000,0x00000000d7600000)
  from space 7680K, 76% used [0x00000000d8180000,0x00000000d873fdc0,0x00000000d8900000)
  to   space 9728K, 0% used [0x00000000d7600000,0x00000000d7600000,0x00000000d7f80000)
 ParOldGen       total 26624K, used 19441K [0x0000000081400000, 0x0000000082e00000, 0x00000000d5c00000)
  object space 26624K, 73% used [0x0000000081400000,0x00000000826fc518,0x0000000082e00000)
 Metaspace       used 7257K, capacity 8212K, committed 8448K, reserved 1056768K
  class space    used 877K, capacity 912K, committed 1024K, reserved 1048576K
}
Event: 1.027 GC heap before
{Heap before GC invocations=16 (full 3):
 PSYoungGen      total 34304K, used 32511K [0x00000000d5c00000, 0x00000000d8900000, 0x0000000100000000)
  eden space 26624K, 100% used [0x00000000d5c00000,0x00000000d7600000,0x00000000d7600000)
  from space 7680K, 76% used [0x00000000d8180000,0x00000000d873fdc0,0x00000000d8900000)
  to   space 9728K, 0% used [0x00000000d7600000,0x00000000d7600000,0x00000000d7f80000)
 ParOldGen       total 26624K, used 19441K [0x0000000081400000, 0x0000000082e00000, 0x00000000d5c00000)
  object space 26624K, 73% used [0x0000000081400000,0x00000000826fc518,0x0000000082e00000)
 Metaspace       used 7602K, capacity 8404K, committed 8704K, reserved 1056768K
  class space    used 890K, capacity 912K, committed 1024K, reserved 1048576K
Event: 1.045 GC heap after
Heap after GC invocations=16 (full 3):
 PSYoungGen      total 36352K, used 9718K [0x00000000d5c00000, 0x00000000d9600000, 0x0000000100000000)
  eden space 26624K, 0% used [0x00000000d5c00000,0x00000000d5c00000,0x00000000d7600000)
  from space 9728K, 99% used [0x00000000d7600000,0x00000000d7f7d898,0x00000000d7f80000)
  to   space 12800K, 0% used [0x00000000d8980000,0x00000000d8980000,0x00000000d9600000)
 ParOldGen       total 26624K, used 22239K [0x0000000081400000, 0x0000000082e00000, 0x00000000d5c00000)
  object space 26624K, 83% used [0x0000000081400000,0x00000000829b7de8,0x0000000082e00000)
 Metaspace       used 7602K, capacity 8404K, committed 8704K, reserved 1056768K
  class space    used 890K, capacity 912K, committed 1024K, reserved 1048576K
}
Event: 1.046 GC heap before
{Heap before GC invocations=17 (full 4):
 PSYoungGen      total 36352K, used 9718K [0x00000000d5c00000, 0x00000000d9600000, 0x0000000100000000)
  eden space 26624K, 0% used [0x00000000d5c00000,0x00000000d5c00000,0x00000000d7600000)
  from space 9728K, 99% used [0x00000000d7600000,0x00000000d7f7d898,0x00000000d7f80000)
  to   space 12800K, 0% used [0x00000000d8980000,0x00000000d8980000,0x00000000d9600000)
 ParOldGen       total 26624K, used 22239K [0x0000000081400000, 0x0000000082e00000, 0x00000000d5c00000)
  object space 26624K, 83% used [0x0000000081400000,0x00000000829b7de8,0x0000000082e00000)
 Metaspace       used 7602K, capacity 8404K, committed 8704K, reserved 1056768K
  class space    used 890K, capacity 912K, committed 1024K, reserved 1048576K
Event: 1.110 GC heap after
Heap after GC invocations=17 (full 4):
 PSYoungGen      total 36352K, used 2995K [0x00000000d5c00000, 0x00000000d9600000, 0x0000000100000000)
  eden space 26624K, 0% used [0x00000000d5c00000,0x00000000d5c00000,0x00000000d7600000)
  from space 9728K, 30% used [0x00000000d7600000,0x00000000d78ecdf8,0x00000000d7f80000)
  to   space 12800K, 0% used [0x00000000d8980000,0x00000000d8980000,0x00000000d9600000)
 ParOldGen       total 38912K, used 25323K [0x0000000081400000, 0x0000000083a00000, 0x00000000d5c00000)
  object space 38912K, 65% used [0x0000000081400000,0x0000000082cbaea0,0x0000000083a00000)
 Metaspace       used 7602K, capacity 8404K, committed 8704K, reserved 1056768K
  class space    used 890K, capacity 912K, committed 1024K, reserved 1048576K
}
Event: 1.315 GC heap before
{Heap before GC invocations=18 (full 4):
 PSYoungGen      total 36352K, used 29619K [0x00000000d5c00000, 0x00000000d9600000, 0x0000000100000000)
  eden space 26624K, 100% used [0x00000000d5c00000,0x00000000d7600000,0x00000000d7600000)
  from space 9728K, 30% used [0x00000000d7600000,0x00000000d78ecdf8,0x00000000d7f80000)
  to   space 12800K, 0% used [0x00000000d8980000,0x00000000d8980000,0x00000000d9600000)
 ParOldGen       total 38912K, used 25323K [0x0000000081400000, 0x0000000083a00000, 0x00000000d5c00000)
  object space 38912K, 65% used [0x0000000081400000,0x0000000082cbaea0,0x0000000083a00000)
 Metaspace       used 7999K, capacity 8820K, committed 8960K, reserved 1056768K
  class space    used 903K, capacity 944K, committed 1024K, reserved 1048576K
Event: 1.329 GC heap after
Heap after GC invocations=18 (full 4):
 PSYoungGen      total 45568K, used 9345K [0x00000000d5c00000, 0x00000000d9600000, 0x0000000100000000)
  eden space 32768K, 0% used [0x00000000d5c00000,0x00000000d5c00000,0x00000000d7c00000)
  from space 12800K, 73% used [0x00000000d8980000,0x00000000d92a06f8,0x00000000d9600000)
  to   space 13312K, 0% used [0x00000000d7c00000,0x00000000d7c00000,0x00000000d8900000)
 ParOldGen       total 38912K, used 28360K [0x0000000081400000, 0x0000000083a00000, 0x00000000d5c00000)
  object space 38912K, 72% used [0x0000000081400000,0x0000000082fb20e8,0x0000000083a00000)
 Metaspace       used 7999K, capacity 8820K, committed 8960K, reserved 1056768K
  class space    used 903K, capacity 944K, committed 1024K, reserved 1048576K
}
Event: 2.195 GC heap before
{Heap before GC invocations=19 (full 4):
 PSYoungGen      total 45568K, used 42113K [0x00000000d5c00000, 0x00000000d9600000, 0x0000000100000000)
  eden space 32768K, 100% used [0x00000000d5c00000,0x00000000d7c00000,0x00000000d7c00000)
  from space 12800K, 73% used [0x00000000d8980000,0x00000000d92a06f8,0x00000000d9600000)
  to   space 13312K, 0% used [0x00000000d7c00000,0x00000000d7c00000,0x00000000d8900000)
 ParOldGen       total 38912K, used 28360K [0x0000000081400000, 0x0000000083a00000, 0x00000000d5c00000)
  object space 38912K, 72% used [0x0000000081400000,0x0000000082fb20e8,0x0000000083a00000)
 Metaspace       used 9393K, capacity 9908K, committed 10112K, reserved 1058816K
  class space    used 1026K, capacity 1072K, committed 1152K, reserved 1048576K
Event: 2.205 GC heap after
Heap after GC invocations=19 (full 4):
 PSYoungGen      total 46080K, used 11653K [0x00000000d5c00000, 0x00000000d9f80000, 0x0000000100000000)
  eden space 32768K, 0% used [0x00000000d5c00000,0x00000000d5c00000,0x00000000d7c00000)
  from space 13312K, 87% used [0x00000000d7c00000,0x00000000d8761498,0x00000000d8900000)
  to   space 14848K, 0% used [0x00000000d9100000,0x00000000d9100000,0x00000000d9f80000)
 ParOldGen       total 38912K, used 28368K [0x0000000081400000, 0x0000000083a00000, 0x00000000d5c00000)
  object space 38912K, 72% used [0x0000000081400000,0x0000000082fb40e8,0x0000000083a00000)
 Metaspace       used 9393K, capacity 9908K, committed 10112K, reserved 1058816K
  class space    used 1026K, capacity 1072K, committed 1152K, reserved 1048576K
}

